Hmm ... looks like a package
Converting parsed Rd's to LaTeX 
Creating pdf output from LaTeX ...
This is pdfTeX, Version 3.141592653-2.6-1.40.26 (MiKTeX 24.4) (preloaded format=pdflatex.fmt)
 restricted \write18 enabled.
entering extended mode
(Rd2.tex
LaTeX2e <2024-11-01> patch level 2
L3 programming layer <2025-01-18>

(C:\Users\PPA714\AppData\Local\Programs\MiKTeX\tex/latex/base\book.cls
Document Class: book 2024/06/29 v1.4n Standard LaTeX document class
(C:\Users\PPA714\AppData\Local\Programs\MiKTeX\tex/latex/base\bk10.clo))
(C:/PROGRA~1/R/R-44~1.2/share/texmf/tex/latex\Rd.sty
(C:\Users\PPA714\AppData\Local\Programs\MiKTeX\tex/latex/base\ifthen.sty)
(C:\Users\PPA714\AppData\Local\Programs\MiKTeX\tex/generic/iftex\iftex.sty)
(C:\Users\PPA714\AppData\Local\Programs\MiKTeX\tex/latex/tools\longtable.sty)
(C:\Users\PPA714\AppData\Local\Programs\MiKTeX\tex/latex/tools\bm.sty)
(C:\Users\PPA714\AppData\Local\Programs\MiKTeX\tex/latex/base\alltt.sty)
(C:\Users\PPA714\AppData\Local\Programs\MiKTeX\tex/latex/tools\verbatim.sty)
(C:\Users\PPA714\AppData\Local\Programs\MiKTeX\tex/latex/url\url.sty)
(C:\Users\PPA714\AppData\Local\Programs\MiKTeX\tex/latex/base\textcomp.sty)
(C:\Users\PPA714\AppData\Local\Programs\MiKTeX\tex/latex/amsmath\amsmath.sty
For additional information on amsmath, use the `?' option.
(C:\Users\PPA714\AppData\Local\Programs\MiKTeX\tex/latex/amsmath\amstext.sty
(C:\Users\PPA714\AppData\Local\Programs\MiKTeX\tex/latex/amsmath\amsgen.sty))
(C:\Users\PPA714\AppData\Local\Programs\MiKTeX\tex/latex/amsmath\amsbsy.sty)
(C:\Users\PPA714\AppData\Local\Programs\MiKTeX\tex/latex/amsmath\amsopn.sty))
(C:\Users\PPA714\AppData\Local\Programs\MiKTeX\tex/latex/amsfonts\amsfonts.sty)
 (C:\Users\PPA714\AppData\Local\Programs\MiKTeX\tex/latex/amsfonts\amssymb.sty)
 (C:\Users\PPA714\AppData\Local\Programs\MiKTeX\tex/latex/jknappen\mathrsfs.sty
) (C:\Users\PPA714\AppData\Local\Programs\MiKTeX\tex/latex/base\fontenc.sty)
(C:\Users\PPA714\AppData\Local\Programs\MiKTeX\tex/latex/psnfss\times.sty)
(C:\Users\PPA714\AppData\Local\Programs\MiKTeX\tex/latex/graphics\color.sty
(C:\Users\PPA714\AppData\Local\Programs\MiKTeX\tex/latex/graphics-cfg\color.cfg
)
(C:\Users\PPA714\AppData\Local\Programs\MiKTeX\tex/latex/graphics-def\pdftex.de
f)
(C:\Users\PPA714\AppData\Local\Programs\MiKTeX\tex/latex/graphics\mathcolor.ltx
))
(C:\Users\PPA714\AppData\Local\Programs\MiKTeX\tex/latex/hyperref\hyperref.sty
(C:\Users\PPA714\AppData\Local\Programs\MiKTeX\tex/latex/graphics\keyval.sty)
(C:\Users\PPA714\AppData\Local\Programs\MiKTeX\tex/latex/kvsetkeys\kvsetkeys.st
y)
(C:\Users\PPA714\AppData\Local\Programs\MiKTeX\tex/generic/kvdefinekeys\kvdefin
ekeys.sty)
(C:\Users\PPA714\AppData\Local\Programs\MiKTeX\tex/generic/pdfescape\pdfescape.
sty
(C:\Users\PPA714\AppData\Local\Programs\MiKTeX\tex/generic/ltxcmds\ltxcmds.sty)

(C:\Users\PPA714\AppData\Local\Programs\MiKTeX\tex/generic/pdftexcmds\pdftexcmd
s.sty
(C:\Users\PPA714\AppData\Local\Programs\MiKTeX\tex/generic/infwarerr\infwarerr.
sty)))
(C:\Users\PPA714\AppData\Local\Programs\MiKTeX\tex/latex/hycolor\hycolor.sty)
(C:\Users\PPA714\AppData\Local\Programs\MiKTeX\tex/latex/hyperref\nameref.sty
(C:\Users\PPA714\AppData\Local\Programs\MiKTeX\tex/latex/refcount\refcount.sty)

(C:\Users\PPA714\AppData\Local\Programs\MiKTeX\tex/generic/gettitlestring\getti
tlestring.sty
(C:\Users\PPA714\AppData\Local\Programs\MiKTeX\tex/latex/kvoptions\kvoptions.st
y)))
(C:\Users\PPA714\AppData\Local\Programs\MiKTeX\tex/latex/etoolbox\etoolbox.sty)

(C:\Users\PPA714\AppData\Local\Programs\MiKTeX\tex/generic/stringenc\stringenc.
sty)
(C:\Users\PPA714\AppData\Local\Programs\MiKTeX\tex/latex/hyperref\pd1enc.def)
(C:\Users\PPA714\AppData\Local\Programs\MiKTeX\tex/generic/intcalc\intcalc.sty)
(C:\Users\PPA714\AppData\Local\Programs\MiKTeX\tex/latex/hyperref\puenc.def)
(C:\Users\PPA714\AppData\Local\Programs\MiKTeX\tex/generic/bitset\bitset.sty
(C:\Users\PPA714\AppData\Local\Programs\MiKTeX\tex/generic/bigintcalc\bigintcal
c.sty))
(C:\Users\PPA714\AppData\Local\Programs\MiKTeX\tex/latex/base\atbegshi-ltx.sty)
) (C:\Users\PPA714\AppData\Local\Programs\MiKTeX\tex/latex/hyperref\hpdftex.def

(C:\Users\PPA714\AppData\Local\Programs\MiKTeX\tex/latex/base\atveryend-ltx.sty
)
(C:\Users\PPA714\AppData\Local\Programs\MiKTeX\tex/latex/rerunfilecheck\rerunfi
lecheck.sty
(C:\Users\PPA714\AppData\Local\Programs\MiKTeX\tex/generic/uniquecounter\unique
counter.sty))))
(C:\Users\PPA714\AppData\Local\Programs\MiKTeX\tex/latex/psnfss\t1ptm.fd)
(C:\Users\PPA714\AppData\Local\Programs\MiKTeX\tex/latex/l3backend\l3backend-pd
ftex.def)
No file Rd2.aux.

(C:\Users\PPA714\AppData\Local\Programs\MiKTeX\tex/context/base/mkii\supp-pdf.m
kii
[Loading MPS to PDF converter (version 2006.09.02).]
) (C:\Users\PPA714\AppData\Local\Programs\MiKTeX\tex/latex/psnfss\t1pcr.fd)
(C:\Users\PPA714\AppData\Local\Programs\MiKTeX\tex/latex/psnfss\ts1ptm.fd)
(C:\Users\PPA714\AppData\Local\Programs\MiKTeX\tex/latex/amsfonts\umsa.fd)
(C:\Users\PPA714\AppData\Local\Programs\MiKTeX\tex/latex/amsfonts\umsb.fd)
(C:\Users\PPA714\AppData\Local\Programs\MiKTeX\tex/latex/jknappen\ursfs.fd)
No file Rd2.toc.

[1{C:/Users/PPA714/AppData/Local/MiKTeX/fonts/map/pdftex/pdftex.map}{C:/Users/P
PA714/AppData/Local/Programs/MiKTeX/fonts/enc/dvips/base/8r.enc}]
[2]
Overfull \hbox (29.38861pt too wide) in paragraph at lines 148--150
[]\T1/ptm/m/n/10 Dayan, P. (2023). Metacog-ni-tive In-for-ma-tion The-ory. Open
 Mind, 7, 392^^U411. doi:10.1162/opmi_a_00091 

Overfull \hbox (25.98041pt too wide) in paragraph at lines 154--154
 []\T1/pcr/m/n/9 # 1. Select two subjects from the masked orientation discrimin
ation experiment 

Overfull \hbox (52.98038pt too wide) in paragraph at lines 158--158
 []\T1/pcr/m/n/9 # 2. Calculate meta-I measures with bias reduction (this may t
ake 10 s per subject)[] 

Overfull \hbox (79.98035pt too wide) in paragraph at lines 163--163
 []\T1/pcr/m/n/9 # 3. Calculate meta-I measures for all participants without bi
as reduction (much faster)[] 

[3]
[4]
[5]
Underfull \hbox (badness 10000) in paragraph at lines 412--413


Underfull \hbox (badness 10000) in paragraph at lines 414--415


[6]
Underfull \hbox (badness 10000) in paragraph at lines 416--417


Underfull \hbox (badness 10000) in paragraph at lines 418--419


Underfull \hbox (badness 10000) in paragraph at lines 420--421


Underfull \hbox (badness 10000) in paragraph at lines 422--423


Underfull \hbox (badness 10000) in paragraph at lines 424--425


Underfull \hbox (badness 10000) in paragraph at lines 426--427


Underfull \hbox (badness 10000) in paragraph at lines 428--429


Underfull \hbox (badness 10000) in paragraph at lines 430--431


Underfull \hbox (badness 10000) in paragraph at lines 432--433


Underfull \hbox (badness 10000) in paragraph at lines 434--435


Underfull \hbox (badness 10000) in paragraph at lines 436--437


Overfull \hbox (28.7181pt too wide) in paragraph at lines 438--439
\T1/ptm/m/n/10 decision-incongruent ev-i-dence in the brain. Na-ture Hu-man Be-
haviour, 1(0139), 1^^U21. doi:10.1038/s41562-

Overfull \hbox (20.58041pt too wide) in paragraph at lines 443--443
 []\T1/pcr/m/n/9 # 1. Select one subject from the masked orientation discrimina
tion experiment 

[7]
Overfull \hbox (20.58041pt too wide) in paragraph at lines 449--449
 []  \T1/pcr/m/n/9 # Fitting takes some time (about 10 minutes on an 2.8GHz pro
cessor) to run:[] 

[8]
[9]
[10]

! LaTeX Error: Unicode character − (U+2212)
               not set up for use with LaTeX.

See the LaTeX manual or LaTeX Companion for explanation.
Type  H <return>  for immediate help.
 ...                                              
                                                  
l.710 ...by \eqn{(1 − S) \times 0.25 \times d}{}
                                                  ; the mean

Underfull \hbox (badness 10000) in paragraph at lines 748--749


Underfull \hbox (badness 10000) in paragraph at lines 750--751


Underfull \hbox (badness 10000) in paragraph at lines 752--753


Underfull \hbox (badness 10000) in paragraph at lines 754--755


Underfull \hbox (badness 10000) in paragraph at lines 756--757


Underfull \hbox (badness 10000) in paragraph at lines 758--759


[11]
Underfull \hbox (badness 10000) in paragraph at lines 760--761


Underfull \hbox (badness 10000) in paragraph at lines 762--763


Underfull \hbox (badness 10000) in paragraph at lines 764--765


Underfull \hbox (badness 10000) in paragraph at lines 766--767


Underfull \hbox (badness 10000) in paragraph at lines 768--769


Underfull \hbox (badness 10000) in paragraph at lines 770--771


Underfull \hbox (badness 10000) in paragraph at lines 772--773


Overfull \hbox (28.7181pt too wide) in paragraph at lines 774--775
\T1/ptm/m/n/10 decision-incongruent ev-i-dence in the brain. Na-ture Hu-man Be-
haviour, 1(0139), 1^^U21. doi:10.1038/s41562-

Overfull \hbox (25.98041pt too wide) in paragraph at lines 779--779
 []\T1/pcr/m/n/9 # 1. Select two subjects from the masked orientation discrimin
ation experiment 

Overfull \hbox (79.98035pt too wide) in paragraph at lines 783--783
 []\T1/pcr/m/n/9 # 2. Fit some models to each subject of the masked orientation
 discrimination experiment[] 

Overfull \hbox (9.78043pt too wide) in paragraph at lines 790--790
 []  \T1/pcr/m/n/9 Fits <- fitConfModels(data, models = c("SDT", "ITGc"), .para
llel = FALSE)[] 

[12]
[13]
Overfull \hbox (20.58041pt too wide) in paragraph at lines 915--915
 []\T1/pcr/m/n/9 # 1. Select two subject from the masked orientation discrimina
tion experiment 

[14]
Overfull \hbox (42.73865pt too wide) in paragraph at lines 950--956
[]\T1/ptm/m/n/10 a data frame as re-turned by [][][]\T1/pcr/m/n/10 fitConfModel
s[][][]\T1/ptm/m/n/10 . Should con-tain a col-umn []\T1/pcr/m/n/10 model[]\T1/p
tm/m/n/10 indicating

Overfull \hbox (3.69806pt too wide) in paragraph at lines 950--956
[]\T1/pcr/m/n/10 measure []\T1/ptm/m/n/10 ar-gu-ment con-tain-ing the val-ues o
f the in-for-ma-tion cri-te-rion that should

[15]
Overfull \hbox (1.24838pt too wide) in paragraph at lines 1017--1018
[]\T1/pcr/m/n/10 bor_fixed_null[]\T1/ptm/m/n/10 , Bayesian om-nibus risk for th
e com-par-i-son of the fixed ef-fects model

[16]
Overfull \hbox (61.35771pt too wide) in paragraph at lines 1092--1093
\T1/ptm/m/n/10 dence, and re-sponse time in vi-sual per-cep-tion. Psy-cho-log-i
-cal Re-view. 130(6), 1521^^U1543. doi:10.1037/rev0000411 

[17]
Overfull \hbox (3.04857pt too wide) in paragraph at lines 1104--1107
\T1/ptm/m/n/10 and con-fi-dence rat-ings cre-ated from a []\T1/pcr/m/n/10 data.
frame []\T1/ptm/m/n/10 of pa-ram-e-ters ob-taind from [][][]\T1/pcr/m/n/10 fitC
onfModels[][]

[18]
Overfull \hbox (79.98035pt too wide) in paragraph at lines 1160--1160
 []\T1/pcr/m/n/9 # 1. Fit some models to each subject of the masked orientation
 discrimination experiment 

Overfull \hbox (20.58041pt too wide) in paragraph at lines 1163--1163
 []  \T1/pcr/m/n/9 # Here, we create the dataframe manually because fitting mod
els takes about[] 

Overfull \hbox (9.78043pt too wide) in paragraph at lines 1166--1166
 []  \T1/pcr/m/n/9 d_1 = c(0.20, 0.05, 0.41, 0.03, 0.00, 0.01, 0.11, 0.03, 0.19
, 0.08, 0.00,[] 

Overfull \hbox (9.78043pt too wide) in paragraph at lines 1168--1168
 []  \T1/pcr/m/n/9 d_2 = c(0.61, 0.19, 0.86, 0.18, 0.17, 0.39, 0.69, 0.14, 0.45
, 0.30, 0.00,[] 

Overfull \hbox (9.78043pt too wide) in paragraph at lines 1170--1170
 []  \T1/pcr/m/n/9 d_3 = c(1.08, 1.04, 2.71, 2.27, 1.50, 1.21, 1.83, 0.80, 1.06
, 0.68, 0.29,[] 

Overfull \hbox (9.78043pt too wide) in paragraph at lines 1172--1172
 []  \T1/pcr/m/n/9 d_4 = c(3.47, 4.14, 6.92, 4.79, 3.72, 3.24, 4.55, 2.51, 3.78
, 2.40, 1.95,[] 

Overfull \hbox (9.78043pt too wide) in paragraph at lines 1174--1174
 []  \T1/pcr/m/n/9 d_5 = c(4.08, 5.29, 7.99, 5.31, 4.53, 4.66, 6.21, 4.67, 5.85
, 3.39, 3.39,[] 

Overfull \hbox (4.38043pt too wide) in paragraph at lines 1176--1176
 []  \T1/pcr/m/n/9 c = c(-0.30, -0.15, -1.37, 0.17, -0.12, -0.19, -0.12, 0.41, 
-0.27, 0.00,[] 

Overfull \hbox (9.78043pt too wide) in paragraph at lines 1178--1178
 []  \T1/pcr/m/n/9 theta_minus.4 = c(-2.07, -2.04, -2.76, -2.32, -2.21, -2.33, 
-2.27, -2.29,[] 

Overfull \hbox (9.78043pt too wide) in paragraph at lines 1180--1180
 []  \T1/pcr/m/n/9 theta_minus.3 = c(-1.25, -1.95, -1.92, -2.07, -1.62, -1.68, 
-2.04, -2.02,[] 

Overfull \hbox (9.78043pt too wide) in paragraph at lines 1182--1182
 []  \T1/pcr/m/n/9 theta_minus.2 = c(-0.42, -1.40, -0.37, -1.96, -1.45, -1.27, 
-1.98, -1.66,[] 

Overfull \hbox (4.38043pt too wide) in paragraph at lines 1184--1184
 []  \T1/pcr/m/n/9 theta_minus.1 = c(0.13, -0.90,  0.93, -1.71, -1.25, -0.59, -
1.40, -1.00,[] 

Overfull \hbox (4.38043pt too wide) in paragraph at lines 1186--1186
 []  \T1/pcr/m/n/9 theta_plus.1 = c(-0.62, 0.82, -2.77, 2.01, 1.39, 0.60, 1.51,
 0.90, 0.18,[] 

Overfull \hbox (25.98041pt too wide) in paragraph at lines 1188--1188
 []  \T1/pcr/m/n/9 theta_plus.2 = c(0.15, 1.45, -1.13,2.17, 1.61, 1.24, 1.99, 1
.55, 0.96, 2.44,[] 

Overfull \hbox (25.98041pt too wide) in paragraph at lines 1190--1190
 []  \T1/pcr/m/n/9 theta_plus.3 = c(1.40, 2.24, 0.77, 2.32, 1.80, 1.58, 2.19, 2
.19, 1.54, 3.17,[] 

Overfull \hbox (25.98041pt too wide) in paragraph at lines 1192--1192
 []  \T1/pcr/m/n/9 theta_plus.4 = c(2.19, 2.40, 1.75, 2.58, 2.53, 2.24, 2.59, 2
.55, 2.58, 3.85,[] 

Overfull \hbox (20.58041pt too wide) in paragraph at lines 1194--1194
 []  \T1/pcr/m/n/9 sigma = c(1.01, 0.64, 1.33, 0.39, 0.30, 0.75, 0.75, 1.07, 0.
65, 0.29, 0.31,[] 

Overfull \hbox (31.3804pt too wide) in paragraph at lines 1196--1196
 []  \T1/pcr/m/n/9 w = c(0.54, 0.50, 0.38, 0.38, 0.36, 0.44, 0.48, 0.48, 0.52, 
0.46, 0.53, 0.48,[] 

Overfull \hbox (4.38043pt too wide) in paragraph at lines 1199--1199
 []\T1/pcr/m/n/9 # 2. Plot the predicted probabilities based on model and fitte
d parameters[] 

[19]
[20]
Overfull \hbox (9.78043pt too wide) in paragraph at lines 1302--1302
 []\T1/pcr/m/n/9 theta_minus.2 = -2, theta_minus.1 = -1, theta_plus.1 = 1, thet
a_plus.2 = 2,[] 

[21] (Rd2.aux)

Package rerunfilecheck Warning: File `Rd2.out' has changed.
(rerunfilecheck)                Rerun to get outlines right
(rerunfilecheck)                or use package `bookmark'.

 )
(see the transcript file for additional information)
pdfTeX warning (dest): name{Rfn.optim} has been referenced but does not exist, 
replaced by a fixed one

<C:/Users/PPA714/AppData/Local/Programs/MiKTeX/fonts/type1/public/amsfonts/cm/c
mex10.pfb><C:/Users/PPA714/AppData/Local/Programs/MiKTeX/fonts/type1/public/ams
fonts/cm/cmmi10.pfb><C:/Users/PPA714/AppData/Local/Programs/MiKTeX/fonts/type1/
public/amsfonts/cm/cmmi7.pfb><C:/Users/PPA714/AppData/Local/Programs/MiKTeX/fon
ts/type1/public/amsfonts/cm/cmr10.pfb><C:/Users/PPA714/AppData/Local/Programs/M
iKTeX/fonts/type1/public/amsfonts/cm/cmr7.pfb><C:/Users/PPA714/AppData/Local/Pr
ograms/MiKTeX/fonts/type1/public/amsfonts/cm/cmsy10.pfb><C:/Users/PPA714/AppDat
a/Local/Programs/MiKTeX/fonts/type1/public/amsfonts/cm/cmsy7.pfb><C:/Users/PPA7
14/AppData/Local/Programs/MiKTeX/fonts/type1/urw/courier/ucrr8a.pfb><C:/Users/P
PA714/AppData/Local/Programs/MiKTeX/fonts/type1/urw/times/utmb8a.pfb><C:/Users/
PPA714/AppData/Local/Programs/MiKTeX/fonts/type1/urw/times/utmr8a.pfb><C:/Users
/PPA714/AppData/Local/Programs/MiKTeX/fonts/type1/urw/times/utmr8a.pfb><C:/User
s/PPA714/AppData/Local/Programs/MiKTeX/fonts/type1/urw/times/utmri8a.pfb>
Output written on Rd2.pdf (21 pages, 236011 bytes).
Transcript written on Rd2.log.
Error in texi2dvi(file = file, pdf = TRUE, clean = clean, quiet = quiet,  : 
  unable to run pdflatex on 'Rd2.tex'
LaTeX errors:
! LaTeX Error: Unicode character − (U+2212)
               not set up for use with LaTeX.

See the LaTeX manual or LaTeX Companion for explanation.
Type  H <return>  for immediate help.
This is pdfTeX, Version 3.141592653-2.6-1.40.26 (MiKTeX 24.4) (preloaded format=pdflatex.fmt)
 restricted \write18 enabled.
entering extended mode
(Rd2.tex
LaTeX2e <2024-11-01> patch level 2
L3 programming layer <2025-01-18>

(C:\Users\PPA714\AppData\Local\Programs\MiKTeX\tex/latex/base\book.cls
Document Class: book 2024/06/29 v1.4n Standard LaTeX document class
(C:\Users\PPA714\AppData\Local\Programs\MiKTeX\tex/latex/base\bk10.clo))
(C:/PROGRA~1/R/R-44~1.2/share/texmf/tex/latex\Rd.sty
(C:\Users\PPA714\AppData\Local\Programs\MiKTeX\tex/latex/base\ifthen.sty)
(C:\Users\PPA714\AppData\Local\Programs\MiKTeX\tex/generic/iftex\iftex.sty)
(C:\Users\PPA714\AppData\Local\Programs\MiKTeX\tex/latex/tools\longtable.sty)
(C:\Users\PPA714\AppData\Local\Programs\MiKTeX\tex/latex/tools\bm.sty)
(C:\Users\PPA714\AppData\Local\Programs\MiKTeX\tex/latex/base\alltt.sty)
(C:\Users\PPA714\AppData\Local\Programs\MiKTeX\tex/latex/tools\verbatim.sty)
(C:\Users\PPA714\AppData\Local\Programs\MiKTeX\tex/latex/url\url.sty)
(C:\Users\PPA714\AppData\Local\Programs\MiKTeX\tex/latex/base\textcomp.sty)
(C:\Users\PPA714\AppData\Local\Programs\MiKTeX\tex/latex/amsmath\amsmath.sty
For additional information on amsmath, use the `?' option.
(C:\Users\PPA714\AppData\Local\Programs\MiKTeX\tex/latex/amsmath\amstext.sty
(C:\Users\PPA714\AppData\Local\Programs\MiKTeX\tex/latex/amsmath\amsgen.sty))
(C:\Users\PPA714\AppData\Local\Programs\MiKTeX\tex/latex/amsmath\amsbsy.sty)
(C:\Users\PPA714\AppData\Local\Programs\MiKTeX\tex/latex/amsmath\amsopn.sty))
(C:\Users\PPA714\AppData\Local\Programs\MiKTeX\tex/latex/amsfonts\amsfonts.sty)
 (C:\Users\PPA714\AppData\Local\Programs\MiKTeX\tex/latex/amsfonts\amssymb.sty)
 (C:\Users\PPA714\AppData\Local\Programs\MiKTeX\tex/latex/jknappen\mathrsfs.sty
) (C:\Users\PPA714\AppData\Local\Programs\MiKTeX\tex/latex/base\fontenc.sty)
(C:\Users\PPA714\AppData\Local\Programs\MiKTeX\tex/latex/psnfss\times.sty)
(C:\Users\PPA714\AppData\Local\Programs\MiKTeX\tex/latex/graphics\color.sty
(C:\Users\PPA714\AppData\Local\Programs\MiKTeX\tex/latex/graphics-cfg\color.cfg
)
(C:\Users\PPA714\AppData\Local\Programs\MiKTeX\tex/latex/graphics-def\pdftex.de
f)
(C:\Users\PPA714\AppData\Local\Programs\MiKTeX\tex/latex/graphics\mathcolor.ltx
))
(C:\Users\PPA714\AppData\Local\Programs\MiKTeX\tex/latex/hyperref\hyperref.sty
(C:\Users\PPA714\AppData\Local\Programs\MiKTeX\tex/latex/graphics\keyval.sty)
(C:\Users\PPA714\AppData\Local\Programs\MiKTeX\tex/latex/kvsetkeys\kvsetkeys.st
y)
(C:\Users\PPA714\AppData\Local\Programs\MiKTeX\tex/generic/kvdefinekeys\kvdefin
ekeys.sty)
(C:\Users\PPA714\AppData\Local\Programs\MiKTeX\tex/generic/pdfescape\pdfescape.
sty
(C:\Users\PPA714\AppData\Local\Programs\MiKTeX\tex/generic/ltxcmds\ltxcmds.sty)

(C:\Users\PPA714\AppData\Local\Programs\MiKTeX\tex/generic/pdftexcmds\pdftexcmd
s.sty
(C:\Users\PPA714\AppData\Local\Programs\MiKTeX\tex/generic/infwarerr\infwarerr.
sty)))
(C:\Users\PPA714\AppData\Local\Programs\MiKTeX\tex/latex/hycolor\hycolor.sty)
(C:\Users\PPA714\AppData\Local\Programs\MiKTeX\tex/latex/hyperref\nameref.sty
(C:\Users\PPA714\AppData\Local\Programs\MiKTeX\tex/latex/refcount\refcount.sty)

(C:\Users\PPA714\AppData\Local\Programs\MiKTeX\tex/generic/gettitlestring\getti
tlestring.sty
(C:\Users\PPA714\AppData\Local\Programs\MiKTeX\tex/latex/kvoptions\kvoptions.st
y)))
(C:\Users\PPA714\AppData\Local\Programs\MiKTeX\tex/latex/etoolbox\etoolbox.sty)

(C:\Users\PPA714\AppData\Local\Programs\MiKTeX\tex/generic/stringenc\stringenc.
sty)
(C:\Users\PPA714\AppData\Local\Programs\MiKTeX\tex/latex/hyperref\pd1enc.def)
(C:\Users\PPA714\AppData\Local\Programs\MiKTeX\tex/generic/intcalc\intcalc.sty)
(C:\Users\PPA714\AppData\Local\Programs\MiKTeX\tex/latex/hyperref\puenc.def)
(C:\Users\PPA714\AppData\Local\Programs\MiKTeX\tex/generic/bitset\bitset.sty
(C:\Users\PPA714\AppData\Local\Programs\MiKTeX\tex/generic/bigintcalc\bigintcal
c.sty))
(C:\Users\PPA714\AppData\Local\Programs\MiKTeX\tex/latex/base\atbegshi-ltx.sty)
) (C:\Users\PPA714\AppData\Local\Programs\MiKTeX\tex/latex/hyperref\hpdftex.def

(C:\Users\PPA714\AppData\Local\Programs\MiKTeX\tex/latex/base\atveryend-ltx.sty
)
(C:\Users\PPA714\AppData\Local\Programs\MiKTeX\tex/latex/rerunfilecheck\rerunfi
lecheck.sty
(C:\Users\PPA714\AppData\Local\Programs\MiKTeX\tex/generic/uniquecounter\unique
counter.sty))))
(C:\Users\PPA714\AppData\Local\Programs\MiKTeX\tex/latex/psnfss\t1ptm.fd)
(C:\Users\PPA714\AppData\Local\Programs\MiKTeX\tex/latex/l3backend\l3backend-pd
ftex.def) (Rd2.aux)
(C:\Users\PPA714\AppData\Local\Programs\MiKTeX\tex/context/base/mkii\supp-pdf.m
kii
[Loading MPS to PDF converter (version 2006.09.02).]
) (Rd2.out) (Rd2.out)
(C:\Users\PPA714\AppData\Local\Programs\MiKTeX\tex/latex/psnfss\t1pcr.fd)
(C:\Users\PPA714\AppData\Local\Programs\MiKTeX\tex/latex/psnfss\ts1ptm.fd)
(C:\Users\PPA714\AppData\Local\Programs\MiKTeX\tex/latex/amsfonts\umsa.fd)
(C:\Users\PPA714\AppData\Local\Programs\MiKTeX\tex/latex/amsfonts\umsb.fd)
(C:\Users\PPA714\AppData\Local\Programs\MiKTeX\tex/latex/jknappen\ursfs.fd)
(Rd2.toc)
[1{C:/Users/PPA714/AppData/Local/MiKTeX/fonts/map/pdftex/pdftex.map}{C:/Users/P
PA714/AppData/Local/Programs/MiKTeX/fonts/enc/dvips/base/8r.enc}]
[2]
Overfull \hbox (29.38861pt too wide) in paragraph at lines 148--150
[]\T1/ptm/m/n/10 Dayan, P. (2023). Metacog-ni-tive In-for-ma-tion The-ory. Open
 Mind, 7, 392^^U411. doi:10.1162/opmi_a_00091 

Overfull \hbox (25.98041pt too wide) in paragraph at lines 154--154
 []\T1/pcr/m/n/9 # 1. Select two subjects from the masked orientation discrimin
ation experiment 

Overfull \hbox (52.98038pt too wide) in paragraph at lines 158--158
 []\T1/pcr/m/n/9 # 2. Calculate meta-I measures with bias reduction (this may t
ake 10 s per subject)[] 

Overfull \hbox (79.98035pt too wide) in paragraph at lines 163--163
 []\T1/pcr/m/n/9 # 3. Calculate meta-I measures for all participants without bi
as reduction (much faster)[] 

[3]
[4]
[5]
Underfull \hbox (badness 10000) in paragraph at lines 412--413


Underfull \hbox (badness 10000) in paragraph at lines 414--415


[6]
Underfull \hbox (badness 10000) in paragraph at lines 416--417


Underfull \hbox (badness 10000) in paragraph at lines 418--419


Underfull \hbox (badness 10000) in paragraph at lines 420--421


Underfull \hbox (badness 10000) in paragraph at lines 422--423


Underfull \hbox (badness 10000) in paragraph at lines 424--425


Underfull \hbox (badness 10000) in paragraph at lines 426--427


Underfull \hbox (badness 10000) in paragraph at lines 428--429


Underfull \hbox (badness 10000) in paragraph at lines 430--431


Underfull \hbox (badness 10000) in paragraph at lines 432--433


Underfull \hbox (badness 10000) in paragraph at lines 434--435


Underfull \hbox (badness 10000) in paragraph at lines 436--437


Overfull \hbox (28.7181pt too wide) in paragraph at lines 438--439
\T1/ptm/m/n/10 decision-incongruent ev-i-dence in the brain. Na-ture Hu-man Be-
haviour, 1(0139), 1^^U21. doi:10.1038/s41562-

Overfull \hbox (20.58041pt too wide) in paragraph at lines 443--443
 []\T1/pcr/m/n/9 # 1. Select one subject from the masked orientation discrimina
tion experiment 

[7]
Overfull \hbox (20.58041pt too wide) in paragraph at lines 449--449
 []  \T1/pcr/m/n/9 # Fitting takes some time (about 10 minutes on an 2.8GHz pro
cessor) to run:[] 

[8]
[9]
[10]

! LaTeX Error: Unicode character − (U+2212)
               not set up for use with LaTeX.

See the LaTeX manual or LaTeX Companion for explanation.
Type  H <return>  for immediate help.
 ...                                              
                                                  
l.710 ...by \eqn{(1 − S) \times 0.25 \times d}{}
                                                  ; the mean

Underfull \hbox (badness 10000) in paragraph at lines 748--749


Underfull \hbox (badness 10000) in paragraph at lines 750--751


Underfull \hbox (badness 10000) in paragraph at lines 752--753


Underfull \hbox (badness 10000) in paragraph at lines 754--755


Underfull \hbox (badness 10000) in paragraph at lines 756--757


Underfull \hbox (badness 10000) in paragraph at lines 758--759


[11]
Underfull \hbox (badness 10000) in paragraph at lines 760--761


Underfull \hbox (badness 10000) in paragraph at lines 762--763


Underfull \hbox (badness 10000) in paragraph at lines 764--765


Underfull \hbox (badness 10000) in paragraph at lines 766--767


Underfull \hbox (badness 10000) in paragraph at lines 768--769


Underfull \hbox (badness 10000) in paragraph at lines 770--771


Underfull \hbox (badness 10000) in paragraph at lines 772--773


Overfull \hbox (28.7181pt too wide) in paragraph at lines 774--775
\T1/ptm/m/n/10 decision-incongruent ev-i-dence in the brain. Na-ture Hu-man Be-
haviour, 1(0139), 1^^U21. doi:10.1038/s41562-

Overfull \hbox (25.98041pt too wide) in paragraph at lines 779--779
 []\T1/pcr/m/n/9 # 1. Select two subjects from the masked orientation discrimin
ation experiment 

Overfull \hbox (79.98035pt too wide) in paragraph at lines 783--783
 []\T1/pcr/m/n/9 # 2. Fit some models to each subject of the masked orientation
 discrimination experiment[] 

Overfull \hbox (9.78043pt too wide) in paragraph at lines 790--790
 []  \T1/pcr/m/n/9 Fits <- fitConfModels(data, models = c("SDT", "ITGc"), .para
llel = FALSE)[] 

[12]
[13]
Overfull \hbox (20.58041pt too wide) in paragraph at lines 915--915
 []\T1/pcr/m/n/9 # 1. Select two subject from the masked orientation discrimina
tion experiment 

[14]
Overfull \hbox (42.73865pt too wide) in paragraph at lines 950--956
[]\T1/ptm/m/n/10 a data frame as re-turned by [][][]\T1/pcr/m/n/10 fitConfModel
s[][][]\T1/ptm/m/n/10 . Should con-tain a col-umn []\T1/pcr/m/n/10 model[]\T1/p
tm/m/n/10 indicating

Overfull \hbox (3.69806pt too wide) in paragraph at lines 950--956
[]\T1/pcr/m/n/10 measure []\T1/ptm/m/n/10 ar-gu-ment con-tain-ing the val-ues o
f the in-for-ma-tion cri-te-rion that should

[15]
Overfull \hbox (1.24838pt too wide) in paragraph at lines 1017--1018
[]\T1/pcr/m/n/10 bor_fixed_null[]\T1/ptm/m/n/10 , Bayesian om-nibus risk for th
e com-par-i-son of the fixed ef-fects model

[16]
Overfull \hbox (61.35771pt too wide) in paragraph at lines 1092--1093
\T1/ptm/m/n/10 dence, and re-sponse time in vi-sual per-cep-tion. Psy-cho-log-i
-cal Re-view. 130(6), 1521^^U1543. doi:10.1037/rev0000411 

[17]
Overfull \hbox (3.04857pt too wide) in paragraph at lines 1104--1107
\T1/ptm/m/n/10 and con-fi-dence rat-ings cre-ated from a []\T1/pcr/m/n/10 data.
frame []\T1/ptm/m/n/10 of pa-ram-e-ters ob-taind from [][][]\T1/pcr/m/n/10 fitC
onfModels[][]

[18]
Overfull \hbox (79.98035pt too wide) in paragraph at lines 1160--1160
 []\T1/pcr/m/n/9 # 1. Fit some models to each subject of the masked orientation
 discrimination experiment 

Overfull \hbox (20.58041pt too wide) in paragraph at lines 1163--1163
 []  \T1/pcr/m/n/9 # Here, we create the dataframe manually because fitting mod
els takes about[] 

Overfull \hbox (9.78043pt too wide) in paragraph at lines 1166--1166
 []  \T1/pcr/m/n/9 d_1 = c(0.20, 0.05, 0.41, 0.03, 0.00, 0.01, 0.11, 0.03, 0.19
, 0.08, 0.00,[] 

Overfull \hbox (9.78043pt too wide) in paragraph at lines 1168--1168
 []  \T1/pcr/m/n/9 d_2 = c(0.61, 0.19, 0.86, 0.18, 0.17, 0.39, 0.69, 0.14, 0.45
, 0.30, 0.00,[] 

Overfull \hbox (9.78043pt too wide) in paragraph at lines 1170--1170
 []  \T1/pcr/m/n/9 d_3 = c(1.08, 1.04, 2.71, 2.27, 1.50, 1.21, 1.83, 0.80, 1.06
, 0.68, 0.29,[] 

Overfull \hbox (9.78043pt too wide) in paragraph at lines 1172--1172
 []  \T1/pcr/m/n/9 d_4 = c(3.47, 4.14, 6.92, 4.79, 3.72, 3.24, 4.55, 2.51, 3.78
, 2.40, 1.95,[] 

Overfull \hbox (9.78043pt too wide) in paragraph at lines 1174--1174
 []  \T1/pcr/m/n/9 d_5 = c(4.08, 5.29, 7.99, 5.31, 4.53, 4.66, 6.21, 4.67, 5.85
, 3.39, 3.39,[] 

Overfull \hbox (4.38043pt too wide) in paragraph at lines 1176--1176
 []  \T1/pcr/m/n/9 c = c(-0.30, -0.15, -1.37, 0.17, -0.12, -0.19, -0.12, 0.41, 
-0.27, 0.00,[] 

Overfull \hbox (9.78043pt too wide) in paragraph at lines 1178--1178
 []  \T1/pcr/m/n/9 theta_minus.4 = c(-2.07, -2.04, -2.76, -2.32, -2.21, -2.33, 
-2.27, -2.29,[] 

Overfull \hbox (9.78043pt too wide) in paragraph at lines 1180--1180
 []  \T1/pcr/m/n/9 theta_minus.3 = c(-1.25, -1.95, -1.92, -2.07, -1.62, -1.68, 
-2.04, -2.02,[] 

Overfull \hbox (9.78043pt too wide) in paragraph at lines 1182--1182
 []  \T1/pcr/m/n/9 theta_minus.2 = c(-0.42, -1.40, -0.37, -1.96, -1.45, -1.27, 
-1.98, -1.66,[] 

Overfull \hbox (4.38043pt too wide) in paragraph at lines 1184--1184
 []  \T1/pcr/m/n/9 theta_minus.1 = c(0.13, -0.90,  0.93, -1.71, -1.25, -0.59, -
1.40, -1.00,[] 

Overfull \hbox (4.38043pt too wide) in paragraph at lines 1186--1186
 []  \T1/pcr/m/n/9 theta_plus.1 = c(-0.62, 0.82, -2.77, 2.01, 1.39, 0.60, 1.51,
 0.90, 0.18,[] 

Overfull \hbox (25.98041pt too wide) in paragraph at lines 1188--1188
 []  \T1/pcr/m/n/9 theta_plus.2 = c(0.15, 1.45, -1.13,2.17, 1.61, 1.24, 1.99, 1
.55, 0.96, 2.44,[] 

Overfull \hbox (25.98041pt too wide) in paragraph at lines 1190--1190
 []  \T1/pcr/m/n/9 theta_plus.3 = c(1.40, 2.24, 0.77, 2.32, 1.80, 1.58, 2.19, 2
.19, 1.54, 3.17,[] 

Overfull \hbox (25.98041pt too wide) in paragraph at lines 1192--1192
 []  \T1/pcr/m/n/9 theta_plus.4 = c(2.19, 2.40, 1.75, 2.58, 2.53, 2.24, 2.59, 2
.55, 2.58, 3.85,[] 

Overfull \hbox (20.58041pt too wide) in paragraph at lines 1194--1194
 []  \T1/pcr/m/n/9 sigma = c(1.01, 0.64, 1.33, 0.39, 0.30, 0.75, 0.75, 1.07, 0.
65, 0.29, 0.31,[] 

Overfull \hbox (31.3804pt too wide) in paragraph at lines 1196--1196
 []  \T1/pcr/m/n/9 w = c(0.54, 0.50, 0.38, 0.38, 0.36, 0.44, 0.48, 0.48, 0.52, 
0.46, 0.53, 0.48,[] 

Overfull \hbox (4.38043pt too wide) in paragraph at lines 1199--1199
 []\T1/pcr/m/n/9 # 2. Plot the predicted probabilities based on model and fitte
d parameters[] 

[19]
[20]
Overfull \hbox (9.78043pt too wide) in paragraph at lines 1302--1302
 []\T1/pcr/m/n/9 theta_minus.2 = -2, theta_minus.1 = -1, theta_plus.1 = 1, thet
a_plus.2 = 2,[] 

[21] (Rd2.aux) )
(see the transcript file for additional information)
pdfTeX warning (dest): name{Rfn.optim} has been referenced but does not exist, 
replaced by a fixed one

<C:/Users/PPA714/AppData/Local/Programs/MiKTeX/fonts/type1/public/amsfonts/cm/c
mex10.pfb><C:/Users/PPA714/AppData/Local/Programs/MiKTeX/fonts/type1/public/ams
fonts/cm/cmmi10.pfb><C:/Users/PPA714/AppData/Local/Programs/MiKTeX/fonts/type1/
public/amsfonts/cm/cmmi7.pfb><C:/Users/PPA714/AppData/Local/Programs/MiKTeX/fon
ts/type1/public/amsfonts/cm/cmr10.pfb><C:/Users/PPA714/AppData/Local/Programs/M
iKTeX/fonts/type1/public/amsfonts/cm/cmr7.pfb><C:/Users/PPA714/AppData/Local/Pr
ograms/MiKTeX/fonts/type1/public/amsfonts/cm/cmsy10.pfb><C:/Users/PPA714/AppDat
a/Local/Programs/MiKTeX/fonts/type1/public/amsfonts/cm/cmsy7.pfb><C:/Users/PPA7
14/AppData/Local/Programs/MiKTeX/fonts/type1/urw/courier/ucrr8a.pfb><C:/Users/P
PA714/AppData/Local/Programs/MiKTeX/fonts/type1/urw/times/utmb8a.pfb><C:/Users/
PPA714/AppData/Local/Programs/MiKTeX/fonts/type1/urw/times/utmr8a.pfb><C:/Users
/PPA714/AppData/Local/Programs/MiKTeX/fonts/type1/urw/times/utmr8a.pfb><C:/User
s/PPA714/AppData/Local/Programs/MiKTeX/fonts/type1/urw/times/utmri8a.pfb>
Output written on Rd2.pdf (21 pages, 240137 bytes).
Transcript written on Rd2.log.
Error in texi2dvi(file = file, pdf = TRUE, clean = clean, quiet = quiet,  : 
  unable to run pdflatex on 'Rd2.tex'
LaTeX errors:
! LaTeX Error: Unicode character − (U+2212)
               not set up for use with LaTeX.

See the LaTeX manual or LaTeX Companion for explanation.
Type  H <return>  for immediate help.
Error in running tools::texi2pdf()
You may want to clean up by 'rm -Rf C:/Users/PPA714/AppData/Local/Temp/RtmpmioJau/Rd2pdf5bdc69026bf8'
